<?xml version="1.0" encoding="UTF-8"?>
<!-- Generated by org.testng.reporters.JUnitReportReporter -->
<testsuite skipped="0" hostname="PBLAP899" name="qaMavenJava.MavenJava.AppiumTest" tests="1" failures="0" timestamp="23 Feb 2021 06:41:38 GMT" time="0.007" errors="0">
  <testcase name="c" time="0.007" classname="qaMavenJava.MavenJava.AppiumTest"/>
</testsuite> <!-- qaMavenJava.MavenJava.AppiumTest -->
