<?xml version="1.0" encoding="UTF-8"?>
<!-- Generated by org.testng.reporters.JUnitReportReporter -->
<testsuite skipped="0" hostname="PBLAP899" name="qaMavenJava.MavenJava.SeleniumTest" tests="2" failures="0" timestamp="23 Feb 2021 06:41:38 GMT" time="0.002" errors="0">
  <testcase name="b" time="0.001" classname="qaMavenJava.MavenJava.SeleniumTest"/>
  <testcase name="a" time="0.001" classname="qaMavenJava.MavenJava.SeleniumTest"/>
</testsuite> <!-- qaMavenJava.MavenJava.SeleniumTest -->
